<?xml version="1.0" encoding="UTF-8"?><testsuite errors="0" failures="0" name="lab5.features.search.SearchByKeywordStory" skipped="1" tests="5" time="28.41" timestamp="2018-05-10T17:03:02.886+03:00[Europe/Bucharest]"><testcase classname="lab5.features.search.SearchByKeywordStory" name="Searching by keyword computer should display the corresponding article"/><testcase classname="lab5.features.search.SearchByKeywordStory" name="Searching by keyword banana should display the corresponding article"/><testcase classname="lab5.features.search.SearchByKeywordStory" name="Searching by keyword elephant should display the corresponding article"/><testcase classname="lab5.features.search.SearchByKeywordStory" name="Searching by ambiguious keyword should display the disambiguation page"><skipped/></testcase><testcase classname="lab5.features.search.SearchByKeywordStory" name="Searching by keyword apple should display the corresponding article"/></testsuite>